Rendering to 1150x1150 image
Loaded scene with 1217 circles
Loaded scene with 1217 circles
---------------------------------------------------------
Initializing CUDA for CudaRenderer
Found 1 CUDA devices
Device 0: NVIDIA GeForce RTX 2080
   SMs:        46
   Global mem: 7974 MB
   CUDA Cap:   7.5
---------------------------------------------------------
WARNING: You're not running on a fast GPU, please consider using NVIDIA RTX 2080.
---------------------------------------------------------

Running benchmark, 1 frames, beginning at frame 0 ...
Copying image data from device
Mismatch detected at pixel [33][0], value = 0.062500, expected 0.250000 for color Blue
Mismatch detected at pixel [33][1], value = 0.062500, expected 0.250000 for color Blue
Mismatch detected at pixel [34][0], value = 0.062500, expected 0.250000 for color Blue
Mismatch detected at pixel [34][1], value = 0.062500, expected 0.250000 for color Blue
Mismatch detected at pixel [35][0], value = 0.062500, expected 0.250000 for color Blue
Mismatch detected at pixel [35][1], value = 0.062500, expected 0.250000 for color Blue
ERROR : Mismatch detected between reference and actual
